2024-01-04T12:21:38.498+08:00  INFO 15812 --- [main] .e.d.SpringBootStudentScoreMyApplication : Starting SpringBootStudentScoreMyApplication using Java 17.0.9 with PID 15812 (C:\Users\NTPU\Documents\SpringBoot20240103\SpringBootStudentScoreMy\target\classes started by NTPU in C:\Users\NTPU\Documents\SpringBoot20240103\SpringBootStudentScoreMy)
2024-01-04T12:21:38.501+08:00  INFO 15812 --- [main] .e.d.SpringBootStudentScoreMyApplication : No active profile set, falling back to 1 default profile: "default"
2024-01-04T12:21:38.900+08:00  INFO 15812 --- [main] .s.d.r.c.RepositoryConfigurationDelegate : Multiple Spring Data modules found, entering strict repository configuration mode
2024-01-04T12:21:38.901+08:00  INFO 15812 --- [main] .s.d.r.c.RepositoryConfigurationDelegate : Bootstrapping Spring Data JDBC repositories in DEFAULT mode.
2024-01-04T12:21:38.922+08:00  INFO 15812 --- [main] .RepositoryConfigurationExtensionSupport : Spring Data JDBC - Could not safely identify store assignment for repository candidate interface com.example.demo.repository.StudentScoreRepository; If you want this repository to be a JDBC repository, consider annotating your entities with one of these annotations: org.springframework.data.relational.core.mapping.Table.
2024-01-04T12:21:38.922+08:00  INFO 15812 --- [main] .s.d.r.c.RepositoryConfigurationDelegate : Finished Spring Data repository scanning in 18 ms. Found 0 JDBC repository interfaces.
2024-01-04T12:21:38.928+08:00  INFO 15812 --- [main] .s.d.r.c.RepositoryConfigurationDelegate : Multiple Spring Data modules found, entering strict repository configuration mode
2024-01-04T12:21:38.929+08:00  INFO 15812 --- [main] .s.d.r.c.RepositoryConfigurationDelegate : Bootstrapping Spring Data JPA repositories in DEFAULT mode.
2024-01-04T12:21:38.943+08:00  INFO 15812 --- [main] .s.d.r.c.RepositoryConfigurationDelegate : Finished Spring Data repository scanning in 11 ms. Found 1 JPA repository interface.
2024-01-04T12:21:39.255+08:00  INFO 15812 --- [main] o.s.b.w.embedded.tomcat.TomcatWebServer  : Tomcat initialized with port 9090 (http)
2024-01-04T12:21:39.263+08:00  INFO 15812 --- [main] o.apache.catalina.core.StandardService   : Starting service [Tomcat]
2024-01-04T12:21:39.263+08:00  INFO 15812 --- [main] o.apache.catalina.core.StandardEngine    : Starting Servlet engine: [Apache Tomcat/10.1.17]
2024-01-04T12:21:39.297+08:00  INFO 15812 --- [main] o.a.c.c.C.[Tomcat].[localhost].[/]       : Initializing Spring embedded WebApplicationContext
2024-01-04T12:21:39.297+08:00  INFO 15812 --- [main] w.s.c.ServletWebServerApplicationContext : Root WebApplicationContext: initialization completed in 773 ms
2024-01-04T12:21:39.609+08:00  INFO 15812 --- [main] o.s.o.j.p.SpringPersistenceUnitInfo      : No LoadTimeWeaver setup: ignoring JPA class transformer
2024-01-04T12:21:39.630+08:00  INFO 15812 --- [main] com.zaxxer.hikari.HikariDataSource       : HikariPool-1 - Starting...
2024-01-04T12:21:39.726+08:00  INFO 15812 --- [main] com.zaxxer.hikari.pool.HikariPool        : HikariPool-1 - Added connection com.mysql.cj.jdbc.ConnectionImpl@36525ab
2024-01-04T12:21:39.728+08:00  INFO 15812 --- [main] com.zaxxer.hikari.HikariDataSource       : HikariPool-1 - Start completed.
2024-01-04T12:21:40.299+08:00  INFO 15812 --- [main] j.LocalContainerEntityManagerFactoryBean : Initialized JPA EntityManagerFactory for persistence unit 'default'
2024-01-04T12:21:40.432+08:00  INFO 15812 --- [main] o.s.d.j.r.query.QueryEnhancerFactory     : JSqlParser is in classpath; If applicable, JSqlParser will be used
2024-01-04T12:21:40.432+08:00  INFO 15812 --- [main] o.s.d.j.r.query.QueryEnhancerFactory     : Hibernate is in classpath; If applicable, HQL parser will be used.
2024-01-04T12:21:40.667+08:00  WARN 15812 --- [main] JpaBaseConfiguration$JpaWebConfiguration : spring.jpa.open-in-view is enabled by default. Therefore, database queries may be performed during view rendering. Explicitly configure spring.jpa.open-in-view to disable this warning
2024-01-04T12:21:40.679+08:00  INFO 15812 --- [main] o.s.b.a.w.s.WelcomePageHandlerMapping    : Adding welcome page: class path resource [static/index.html]
2024-01-04T12:21:40.929+08:00  INFO 15812 --- [main] o.s.b.w.embedded.tomcat.TomcatWebServer  : Tomcat started on port 9090 (http) with context path ''
2024-01-04T12:21:40.934+08:00  INFO 15812 --- [main] .e.d.SpringBootStudentScoreMyApplication : Started SpringBootStudentScoreMyApplication in 2.68 seconds (process running for 3.074)
2024-01-04T12:22:01.810+08:00  INFO 15812 --- [http-nio-9090-exec-2] o.a.c.c.C.[Tomcat].[localhost].[/]       : Initializing Spring DispatcherServlet 'dispatcherServlet'
2024-01-04T12:22:01.810+08:00  INFO 15812 --- [http-nio-9090-exec-2] o.s.web.servlet.DispatcherServlet        : Initializing Servlet 'dispatcherServlet'
2024-01-04T12:22:01.811+08:00  INFO 15812 --- [http-nio-9090-exec-2] o.s.web.servlet.DispatcherServlet        : Completed initialization in 1 ms
2024-01-04T13:37:56.256+08:00  INFO 15812 --- [RMI TCP Connection(80)-127.0.0.1] inMXBeanRegistrar$SpringApplicationAdmin : Application shutdown requested.
2024-01-04T13:37:56.262+08:00  INFO 15812 --- [RMI TCP Connection(80)-127.0.0.1] j.LocalContainerEntityManagerFactoryBean : Closing JPA EntityManagerFactory for persistence unit 'default'
2024-01-04T13:37:56.263+08:00  INFO 15812 --- [RMI TCP Connection(80)-127.0.0.1] com.zaxxer.hikari.HikariDataSource       : HikariPool-1 - Shutdown initiated...
2024-01-04T13:37:56.265+08:00  INFO 15812 --- [RMI TCP Connection(80)-127.0.0.1] com.zaxxer.hikari.HikariDataSource       : HikariPool-1 - Shutdown completed.
2024-01-04T13:38:05.118+08:00  INFO 16092 --- [main] .e.d.SpringBootStudentScoreMyApplication : Starting SpringBootStudentScoreMyApplication using Java 17.0.9 with PID 16092 (C:\Users\NTPU\Documents\SpringBoot20240103\SpringBootStudentScoreMy\target\classes started by NTPU in C:\Users\NTPU\Documents\SpringBoot20240103\SpringBootStudentScoreMy)
2024-01-04T13:38:05.119+08:00  INFO 16092 --- [main] .e.d.SpringBootStudentScoreMyApplication : No active profile set, falling back to 1 default profile: "default"
2024-01-04T13:38:05.419+08:00  INFO 16092 --- [main] .s.d.r.c.RepositoryConfigurationDelegate : Multiple Spring Data modules found, entering strict repository configuration mode
2024-01-04T13:38:05.419+08:00  INFO 16092 --- [main] .s.d.r.c.RepositoryConfigurationDelegate : Bootstrapping Spring Data JDBC repositories in DEFAULT mode.
2024-01-04T13:38:05.435+08:00  INFO 16092 --- [main] .RepositoryConfigurationExtensionSupport : Spring Data JDBC - Could not safely identify store assignment for repository candidate interface com.example.demo.repository.StudentScoreRepository; If you want this repository to be a JDBC repository, consider annotating your entities with one of these annotations: org.springframework.data.relational.core.mapping.Table.
2024-01-04T13:38:05.436+08:00  INFO 16092 --- [main] .s.d.r.c.RepositoryConfigurationDelegate : Finished Spring Data repository scanning in 14 ms. Found 0 JDBC repository interfaces.
2024-01-04T13:38:05.441+08:00  INFO 16092 --- [main] .s.d.r.c.RepositoryConfigurationDelegate : Multiple Spring Data modules found, entering strict repository configuration mode
2024-01-04T13:38:05.442+08:00  INFO 16092 --- [main] .s.d.r.c.RepositoryConfigurationDelegate : Bootstrapping Spring Data JPA repositories in DEFAULT mode.
2024-01-04T13:38:05.454+08:00  INFO 16092 --- [main] .s.d.r.c.RepositoryConfigurationDelegate : Finished Spring Data repository scanning in 9 ms. Found 1 JPA repository interface.
2024-01-04T13:38:05.753+08:00  INFO 16092 --- [main] o.s.b.w.embedded.tomcat.TomcatWebServer  : Tomcat initialized with port 8443 (https)
2024-01-04T13:38:05.761+08:00  INFO 16092 --- [main] o.apache.catalina.core.StandardService   : Starting service [Tomcat]
2024-01-04T13:38:05.761+08:00  INFO 16092 --- [main] o.apache.catalina.core.StandardEngine    : Starting Servlet engine: [Apache Tomcat/10.1.17]
2024-01-04T13:38:05.790+08:00  INFO 16092 --- [main] o.a.c.c.C.[Tomcat].[localhost].[/]       : Initializing Spring embedded WebApplicationContext
2024-01-04T13:38:05.790+08:00  INFO 16092 --- [main] w.s.c.ServletWebServerApplicationContext : Root WebApplicationContext: initialization completed in 650 ms
2024-01-04T13:38:06.031+08:00  INFO 16092 --- [main] o.s.o.j.p.SpringPersistenceUnitInfo      : No LoadTimeWeaver setup: ignoring JPA class transformer
2024-01-04T13:38:06.045+08:00  INFO 16092 --- [main] com.zaxxer.hikari.HikariDataSource       : HikariPool-1 - Starting...
2024-01-04T13:38:06.129+08:00  INFO 16092 --- [main] com.zaxxer.hikari.pool.HikariPool        : HikariPool-1 - Added connection com.mysql.cj.jdbc.ConnectionImpl@779228dc
2024-01-04T13:38:06.131+08:00  INFO 16092 --- [main] com.zaxxer.hikari.HikariDataSource       : HikariPool-1 - Start completed.
2024-01-04T13:38:06.593+08:00  INFO 16092 --- [main] j.LocalContainerEntityManagerFactoryBean : Initialized JPA EntityManagerFactory for persistence unit 'default'
2024-01-04T13:38:06.712+08:00  INFO 16092 --- [main] o.s.d.j.r.query.QueryEnhancerFactory     : JSqlParser is in classpath; If applicable, JSqlParser will be used
2024-01-04T13:38:06.712+08:00  INFO 16092 --- [main] o.s.d.j.r.query.QueryEnhancerFactory     : Hibernate is in classpath; If applicable, HQL parser will be used.
2024-01-04T13:38:06.923+08:00  WARN 16092 --- [main] JpaBaseConfiguration$JpaWebConfiguration : spring.jpa.open-in-view is enabled by default. Therefore, database queries may be performed during view rendering. Explicitly configure spring.jpa.open-in-view to disable this warning
2024-01-04T13:38:06.933+08:00  INFO 16092 --- [main] o.s.b.a.w.s.WelcomePageHandlerMapping    : Adding welcome page: class path resource [static/index.html]
2024-01-04T13:38:07.244+08:00  INFO 16092 --- [main] o.a.t.util.net.NioEndpoint.certificate   : Connector [https-jsse-nio-8443], TLS virtual host [_default_], certificate type [UNDEFINED] configured from keystore [C:\Users\NTPU\.keystore] using alias [tomcat] with trust store [null]
2024-01-04T13:38:07.254+08:00  INFO 16092 --- [main] o.s.b.w.embedded.tomcat.TomcatWebServer  : Tomcat started on port 8443 (https) with context path ''
2024-01-04T13:38:07.258+08:00  INFO 16092 --- [main] .e.d.SpringBootStudentScoreMyApplication : Started SpringBootStudentScoreMyApplication in 2.346 seconds (process running for 2.687)
2024-01-04T13:39:27.173+08:00  INFO 16092 --- [RMI TCP Connection(5)-127.0.0.1] inMXBeanRegistrar$SpringApplicationAdmin : Application shutdown requested.
2024-01-04T13:39:27.179+08:00  INFO 16092 --- [RMI TCP Connection(5)-127.0.0.1] j.LocalContainerEntityManagerFactoryBean : Closing JPA EntityManagerFactory for persistence unit 'default'
2024-01-04T13:39:27.180+08:00  INFO 16092 --- [RMI TCP Connection(5)-127.0.0.1] com.zaxxer.hikari.HikariDataSource       : HikariPool-1 - Shutdown initiated...
2024-01-04T13:39:27.184+08:00  INFO 16092 --- [RMI TCP Connection(5)-127.0.0.1] com.zaxxer.hikari.HikariDataSource       : HikariPool-1 - Shutdown completed.
2024-01-04T13:39:31.289+08:00  INFO 17140 --- [main] .e.d.SpringBootStudentScoreMyApplication : Starting SpringBootStudentScoreMyApplication using Java 17.0.9 with PID 17140 (C:\Users\NTPU\Documents\SpringBoot20240103\SpringBootStudentScoreMy\target\classes started by NTPU in C:\Users\NTPU\Documents\SpringBoot20240103\SpringBootStudentScoreMy)
2024-01-04T13:39:31.291+08:00  INFO 17140 --- [main] .e.d.SpringBootStudentScoreMyApplication : No active profile set, falling back to 1 default profile: "default"
2024-01-04T13:39:31.587+08:00  INFO 17140 --- [main] .s.d.r.c.RepositoryConfigurationDelegate : Multiple Spring Data modules found, entering strict repository configuration mode
2024-01-04T13:39:31.588+08:00  INFO 17140 --- [main] .s.d.r.c.RepositoryConfigurationDelegate : Bootstrapping Spring Data JDBC repositories in DEFAULT mode.
2024-01-04T13:39:31.604+08:00  INFO 17140 --- [main] .RepositoryConfigurationExtensionSupport : Spring Data JDBC - Could not safely identify store assignment for repository candidate interface com.example.demo.repository.StudentScoreRepository; If you want this repository to be a JDBC repository, consider annotating your entities with one of these annotations: org.springframework.data.relational.core.mapping.Table.
2024-01-04T13:39:31.605+08:00  INFO 17140 --- [main] .s.d.r.c.RepositoryConfigurationDelegate : Finished Spring Data repository scanning in 14 ms. Found 0 JDBC repository interfaces.
2024-01-04T13:39:31.610+08:00  INFO 17140 --- [main] .s.d.r.c.RepositoryConfigurationDelegate : Multiple Spring Data modules found, entering strict repository configuration mode
2024-01-04T13:39:31.611+08:00  INFO 17140 --- [main] .s.d.r.c.RepositoryConfigurationDelegate : Bootstrapping Spring Data JPA repositories in DEFAULT mode.
2024-01-04T13:39:31.623+08:00  INFO 17140 --- [main] .s.d.r.c.RepositoryConfigurationDelegate : Finished Spring Data repository scanning in 10 ms. Found 1 JPA repository interface.
2024-01-04T13:39:31.908+08:00  INFO 17140 --- [main] o.s.b.w.embedded.tomcat.TomcatWebServer  : Tomcat initialized with port 8443 (https)
2024-01-04T13:39:31.916+08:00  INFO 17140 --- [main] o.apache.catalina.core.StandardService   : Starting service [Tomcat]
2024-01-04T13:39:31.916+08:00  INFO 17140 --- [main] o.apache.catalina.core.StandardEngine    : Starting Servlet engine: [Apache Tomcat/10.1.17]
2024-01-04T13:39:31.945+08:00  INFO 17140 --- [main] o.a.c.c.C.[Tomcat].[localhost].[/]       : Initializing Spring embedded WebApplicationContext
2024-01-04T13:39:31.945+08:00  INFO 17140 --- [main] w.s.c.ServletWebServerApplicationContext : Root WebApplicationContext: initialization completed in 634 ms
2024-01-04T13:39:32.185+08:00  INFO 17140 --- [main] o.s.o.j.p.SpringPersistenceUnitInfo      : No LoadTimeWeaver setup: ignoring JPA class transformer
2024-01-04T13:39:32.201+08:00  INFO 17140 --- [main] com.zaxxer.hikari.HikariDataSource       : HikariPool-1 - Starting...
2024-01-04T13:39:32.285+08:00  INFO 17140 --- [main] com.zaxxer.hikari.pool.HikariPool        : HikariPool-1 - Added connection com.mysql.cj.jdbc.ConnectionImpl@347123dc
2024-01-04T13:39:32.287+08:00  INFO 17140 --- [main] com.zaxxer.hikari.HikariDataSource       : HikariPool-1 - Start completed.
2024-01-04T13:39:32.750+08:00  INFO 17140 --- [main] j.LocalContainerEntityManagerFactoryBean : Initialized JPA EntityManagerFactory for persistence unit 'default'
2024-01-04T13:39:32.869+08:00  INFO 17140 --- [main] o.s.d.j.r.query.QueryEnhancerFactory     : JSqlParser is in classpath; If applicable, JSqlParser will be used
2024-01-04T13:39:32.869+08:00  INFO 17140 --- [main] o.s.d.j.r.query.QueryEnhancerFactory     : Hibernate is in classpath; If applicable, HQL parser will be used.
2024-01-04T13:39:33.083+08:00  WARN 17140 --- [main] JpaBaseConfiguration$JpaWebConfiguration : spring.jpa.open-in-view is enabled by default. Therefore, database queries may be performed during view rendering. Explicitly configure spring.jpa.open-in-view to disable this warning
2024-01-04T13:39:33.095+08:00  INFO 17140 --- [main] o.s.b.a.w.s.WelcomePageHandlerMapping    : Adding welcome page: class path resource [static/index.html]
2024-01-04T13:39:33.400+08:00  INFO 17140 --- [main] o.a.t.util.net.NioEndpoint.certificate   : Connector [https-jsse-nio-8443], TLS virtual host [_default_], certificate type [UNDEFINED] configured from keystore [C:\Users\NTPU\.keystore] using alias [tomcat] with trust store [null]
2024-01-04T13:39:33.410+08:00  INFO 17140 --- [main] o.s.b.w.embedded.tomcat.TomcatWebServer  : Tomcat started on port 8443 (https) with context path ''
2024-01-04T13:39:33.414+08:00  INFO 17140 --- [main] .e.d.SpringBootStudentScoreMyApplication : Started SpringBootStudentScoreMyApplication in 2.331 seconds (process running for 2.669)
2024-01-04T14:01:39.717+08:00  INFO 17140 --- [RMI TCP Connection(24)-127.0.0.1] inMXBeanRegistrar$SpringApplicationAdmin : Application shutdown requested.
2024-01-04T14:01:39.723+08:00  INFO 17140 --- [RMI TCP Connection(24)-127.0.0.1] j.LocalContainerEntityManagerFactoryBean : Closing JPA EntityManagerFactory for persistence unit 'default'
2024-01-04T14:01:39.724+08:00  INFO 17140 --- [RMI TCP Connection(24)-127.0.0.1] com.zaxxer.hikari.HikariDataSource       : HikariPool-1 - Shutdown initiated...
2024-01-04T14:01:39.727+08:00  INFO 17140 --- [RMI TCP Connection(24)-127.0.0.1] com.zaxxer.hikari.HikariDataSource       : HikariPool-1 - Shutdown completed.
